Step: build-step-credential-initializer-w7x5g:

{"level":"warn","ts":1556115834.9336088,"logger":"fallback-logger","caller":"logging/config.go:65","msg":"Fetch GitHub commit ID from kodata failed: \"ref: refs/heads/backport-container-name-fix\" is not a valid GitHub commit ID"}
{"level":"info","ts":1556115834.9348335,"logger":"fallback-logger","caller":"creds-init/main.go:40","msg":"Credentials initialized."}
Step: build-step-git-source-cb-kubecd-environment-jstrachan-7pn5n:

{"level":"warn","ts":1556115835.824063,"logger":"fallback-logger","caller":"logging/config.go:65","msg":"Fetch GitHub commit ID from kodata failed: \"ref: refs/heads/backport-container-name-fix\" is not a valid GitHub commit ID"}
{"level":"info","ts":1556115837.0673585,"logger":"fallback-logger","caller":"git-init/main.go:99","msg":"Successfully cloned \"https://github.com/cb-kubecd/environment-jstrachan-t6-staging\" @ \"44629743f1be4653493c07578a79aa948373e1d2\" in path \"/workspace/source\""}
Step: build-step-place-tools:

Step: build-step-git-merge:

Warning failed to load version: failed to parse version -dev+9e73adc0b: No Major.Minor.Patch elements found
time="2019-04-24T14:23:58Z" level=info msg="got "
Using SHAs from PULL_REFS=master:1f10147145edd80ed582c855191be2cb637802ce,1:44629743f1be4653493c07578a79aa948373e1d2
ran git fetch --unshallow origin 44629743f1be4653493c07578a79aa948373e1d2: 1f10147145edd80ed582c855191be2cb637802ce: in 
ran git checkout master in 
ran git reset --hard 1f10147145edd80ed582c855191be2cb637802ce in 
ran clean --force -d . in 
ran git merge 44629743f1be4653493c07578a79aa948373e1d2 in 
Step: build-step-build-helm-build:

WARNING: No $CHART_REPOSITORY defined so using the default value of: http://jenkins-x-chartmuseum:8080
Adding missing Helm repo: chartmuseum.jenkins-x.io http://chartmuseum.jenkins-x.io
Successfully added Helm repository chartmuseum.jenkins-x.io.
Adding missing Helm repo: jenkins-x-chartmuseum http://jenkins-x-chartmuseum:8080
Successfully added Helm repository jenkins-x-chartmuseum.
